c:\users\tom\desktop\engineofevil\builds\release\intermediates\vc141.pdb
c:\users\tom\desktop\engineofevil\builds\release\intermediates\main.obj
c:\users\tom\desktop\engineofevil\builds\release\intermediates\input.obj
c:\users\tom\desktop\engineofevil\builds\release\intermediates\imagemanager.obj
c:\users\tom\desktop\engineofevil\builds\release\intermediates\hashindex.obj
c:\users\tom\desktop\engineofevil\builds\release\intermediates\gridcell.obj
c:\users\tom\desktop\engineofevil\builds\release\intermediates\gameobject.obj
c:\users\tom\desktop\engineofevil\builds\release\intermediates\game.obj
c:\users\tom\desktop\engineofevil\builds\release\intermediates\entityprefabmanager.obj
c:\users\tom\desktop\engineofevil\builds\release\intermediates\entity.obj
c:\users\tom\desktop\engineofevil\builds\release\intermediates\collisionmodel.obj
c:\users\tom\desktop\engineofevil\builds\release\intermediates\collision.obj
c:\users\tom\desktop\engineofevil\builds\release\intermediates\camera.obj
c:\users\tom\desktop\engineofevil\builds\release\intermediates\box.obj
c:\users\tom\desktop\engineofevil\builds\release\intermediates\bounds3d.obj
c:\users\tom\desktop\engineofevil\builds\release\intermediates\bounds.obj
c:\users\tom\desktop\engineofevil\builds\release\intermediates\blendstate.obj
c:\users\tom\desktop\engineofevil\builds\release\intermediates\animationstate.obj
c:\users\tom\desktop\engineofevil\builds\release\intermediates\animationmanager.obj
c:\users\tom\desktop\engineofevil\builds\release\intermediates\animationcontrollermanager.obj
c:\users\tom\desktop\engineofevil\builds\release\intermediates\animationcontroller.obj
c:\users\tom\desktop\engineofevil\builds\release\intermediates\vector.obj
c:\users\tom\desktop\engineofevil\builds\release\intermediates\tile.obj
c:\users\tom\desktop\engineofevil\builds\release\intermediates\statenode.obj
c:\users\tom\desktop\engineofevil\builds\release\intermediates\renderimage.obj
c:\users\tom\desktop\engineofevil\builds\release\intermediates\renderer.obj
c:\users\tom\desktop\engineofevil\builds\release\intermediates\player.obj
c:\users\tom\desktop\engineofevil\builds\release\intermediates\movement.obj
c:\users\tom\desktop\engineofevil\builds\release\intermediates\map.obj
c:\users\tom\desktop\engineofevil\builds\release\intermediates\shero.obj
c:\users\tom\desktop\engineofevil\builds\release\intermediates\dictionary.obj
c:\users\tom\desktop\engineofevil\builds\release\engineofevil.ipdb
c:\users\tom\desktop\engineofevil\builds\release\engineofevil.iobj
c:\users\tom\desktop\engineofevil\builds\release\engineofevil.lib
c:\users\tom\desktop\engineofevil\builds\release\engineofevil.exe
c:\users\tom\desktop\engineofevil\builds\release\engineofevil.pdb
c:\users\tom\desktop\engineofevil\builds\release\intermediates\engineofevil.pdb
c:\users\tom\desktop\engineofevil\\builds\release\engineofevil.pdb
c:\users\tom\desktop\engineofevil\\builds\release\engineofevil.exe
c:\users\tom\desktop\engineofevil\builds\release\intermediates\engineofevil.tlog\cl.command.1.tlog
c:\users\tom\desktop\engineofevil\builds\release\intermediates\engineofevil.tlog\cl.read.1.tlog
c:\users\tom\desktop\engineofevil\builds\release\intermediates\engineofevil.tlog\cl.write.1.tlog
c:\users\tom\desktop\engineofevil\builds\release\intermediates\engineofevil.tlog\engineofevil.write.1u.tlog
c:\users\tom\desktop\engineofevil\builds\release\intermediates\engineofevil.tlog\lib-link.read.1.tlog
c:\users\tom\desktop\engineofevil\builds\release\intermediates\engineofevil.tlog\lib-link.write.1.tlog
c:\users\tom\desktop\engineofevil\builds\release\intermediates\engineofevil.tlog\lib.command.1.tlog
c:\users\tom\desktop\engineofevil\builds\release\intermediates\engineofevil.tlog\link.command.1.tlog
c:\users\tom\desktop\engineofevil\builds\release\intermediates\engineofevil.tlog\link.read.1.tlog
c:\users\tom\desktop\engineofevil\builds\release\intermediates\engineofevil.tlog\link.write.1.tlog
