c:\users\tom\desktop\engineofevil\builds\debug\intermediates\vc141.pdb
c:\users\tom\desktop\engineofevil\builds\debug\intermediates\vc141.idb
c:\users\tom\desktop\engineofevil\builds\debug\intermediates\collisionmodel.obj
c:\users\tom\desktop\engineofevil\builds\debug\intermediates\dictionary.obj
c:\users\tom\desktop\engineofevil\builds\debug\intermediates\entity.obj
c:\users\tom\desktop\engineofevil\builds\debug\intermediates\game.obj
c:\users\tom\desktop\engineofevil\builds\debug\intermediates\gameobject.obj
c:\users\tom\desktop\engineofevil\builds\debug\intermediates\gridcell.obj
c:\users\tom\desktop\engineofevil\builds\debug\intermediates\hashindex.obj
c:\users\tom\desktop\engineofevil\builds\debug\intermediates\imagemanager.obj
c:\users\tom\desktop\engineofevil\builds\debug\intermediates\input.obj
c:\users\tom\desktop\engineofevil\builds\debug\intermediates\main.obj
c:\users\tom\desktop\engineofevil\builds\debug\intermediates\map.obj
c:\users\tom\desktop\engineofevil\builds\debug\intermediates\movement.obj
c:\users\tom\desktop\engineofevil\builds\debug\intermediates\player.obj
c:\users\tom\desktop\engineofevil\builds\debug\intermediates\renderer.obj
c:\users\tom\desktop\engineofevil\builds\debug\intermediates\renderimage.obj
c:\users\tom\desktop\engineofevil\builds\debug\intermediates\shero.obj
c:\users\tom\desktop\engineofevil\builds\debug\intermediates\statenode.obj
c:\users\tom\desktop\engineofevil\builds\debug\intermediates\tile.obj
c:\users\tom\desktop\engineofevil\builds\debug\intermediates\vector.obj
c:\users\tom\desktop\engineofevil\builds\debug\intermediates\animationcontroller.obj
c:\users\tom\desktop\engineofevil\builds\debug\intermediates\animationcontrollermanager.obj
c:\users\tom\desktop\engineofevil\builds\debug\intermediates\animationmanager.obj
c:\users\tom\desktop\engineofevil\builds\debug\intermediates\animationstate.obj
c:\users\tom\desktop\engineofevil\builds\debug\intermediates\blendstate.obj
c:\users\tom\desktop\engineofevil\builds\debug\intermediates\bounds.obj
c:\users\tom\desktop\engineofevil\builds\debug\intermediates\bounds3d.obj
c:\users\tom\desktop\engineofevil\builds\debug\intermediates\box.obj
c:\users\tom\desktop\engineofevil\builds\debug\intermediates\camera.obj
c:\users\tom\desktop\engineofevil\builds\debug\intermediates\collision.obj
c:\users\tom\desktop\engineofevil\builds\debug\intermediates\entityprefabmanager.obj
c:\users\tom\desktop\engineofevil\builds\debug\intermediates\createentityprefabstrategies.obj
c:\users\tom\desktop\engineofevil\builds\debug\intermediates\errorlogger.obj
c:\users\tom\desktop\engineofevil\builds\debug\intermediates\music.obj
c:\users\tom\desktop\engineofevil\builds\debug\intermediates\soundfx.obj
c:\users\tom\desktop\engineofevil\builds\debug\intermediates\audio.obj
c:\users\tom\desktop\engineofevil\builds\debug\intermediates\gamelocal.obj
c:\users\tom\desktop\engineofevil\builds\debug\intermediates\rendertarget.obj
c:\users\tom\desktop\engineofevil\builds\debug\engineofevil.exe
c:\users\tom\desktop\engineofevil\builds\debug\engineofevil.ilk
c:\users\tom\desktop\engineofevil\builds\debug\engineofevil.pdb
c:\users\tom\desktop\engineofevil\\builds\debug\engineofevil.pdb
c:\users\tom\desktop\engineofevil\\builds\debug\engineofevil.exe
c:\users\tom\desktop\engineofevil\\builds\debug\engineofevil.ilk
c:\users\tom\desktop\engineofevil\builds\debug\intermediates\engineofevil.tlog\cl.command.1.tlog
c:\users\tom\desktop\engineofevil\builds\debug\intermediates\engineofevil.tlog\cl.read.1.tlog
c:\users\tom\desktop\engineofevil\builds\debug\intermediates\engineofevil.tlog\cl.write.1.tlog
c:\users\tom\desktop\engineofevil\builds\debug\intermediates\engineofevil.tlog\link.command.1.tlog
c:\users\tom\desktop\engineofevil\builds\debug\intermediates\engineofevil.tlog\link.read.1.tlog
c:\users\tom\desktop\engineofevil\builds\debug\intermediates\engineofevil.tlog\link.write.1.tlog
